<?xml version="1.0" encoding="UTF-8"?>
<testng-results ignored="0" total="4" passed="3" failed="1" skipped="0">
  <reporter-output>
  </reporter-output>
  <suite started-at="2021-09-01T01:28:05 ICT" name="Suite" finished-at="2021-09-01T01:28:34 ICT" duration-ms="28608">
    <groups>
    </groups>
    <test started-at="2021-09-01T01:28:05 ICT" name="Read data from excel" finished-at="2021-09-01T01:28:05 ICT" duration-ms="23">
    </test> <!-- Read data from excel -->
    <test started-at="2021-09-01T01:28:05 ICT" name="Test" finished-at="2021-09-01T01:28:05 ICT" duration-ms="23">
    </test> <!-- Test -->
    <test started-at="2021-09-01T01:28:05 ICT" name="Validate landing page" finished-at="2021-09-01T01:28:28 ICT" duration-ms="23333">
      <class name="Tutorial.Validate">
        <test-method is-config="true" signature="initializeDriver()[pri:0, instance:Tutorial.Validate@687a762c]" started-at="2021-09-01T01:28:05 ICT" name="initializeDriver" finished-at="2021-09-01T01:28:27 ICT" duration-ms="22088" status="PASS">
          <reporter-output>
          </reporter-output>
        </test-method> <!-- initializeDriver -->
        <test-method signature="testValidate()[pri:0, instance:Tutorial.Validate@687a762c]" started-at="2021-09-01T01:28:27 ICT" name="testValidate" finished-at="2021-09-01T01:28:27 ICT" duration-ms="354" status="PASS">
          <reporter-output>
          </reporter-output>
        </test-method> <!-- testValidate -->
        <test-method is-config="true" signature="tearDown()[pri:0, instance:Tutorial.Validate@687a762c]" started-at="2021-09-01T01:28:27 ICT" name="tearDown" finished-at="2021-09-01T01:28:28 ICT" duration-ms="860" status="PASS">
          <reporter-output>
          </reporter-output>
        </test-method> <!-- tearDown -->
      </class> <!-- Tutorial.Validate -->
    </test> <!-- Validate landing page -->
    <test started-at="2021-09-01T01:28:05 ICT" name="Validate Title" finished-at="2021-09-01T01:28:29 ICT" duration-ms="23963">
      <class name="Tutorial.ValidateTitle">
        <test-method is-config="true" signature="initializeDriver()[pri:0, instance:Tutorial.ValidateTitle@2a492f2a]" started-at="2021-09-01T01:28:05 ICT" name="initializeDriver" finished-at="2021-09-01T01:28:27 ICT" duration-ms="22407" status="PASS">
          <reporter-output>
          </reporter-output>
        </test-method> <!-- initializeDriver -->
        <test-method signature="testValidatetile()[pri:0, instance:Tutorial.ValidateTitle@2a492f2a]" started-at="2021-09-01T01:28:27 ICT" name="testValidatetile" finished-at="2021-09-01T01:28:28 ICT" duration-ms="117" status="FAIL">
          <exception class="java.lang.AssertionError">
            <message>
              <![CDATA[expected [Featear...] but found [FEATURED COURSES]]]>
            </message>
            <full-stacktrace>
              <![CDATA[java.lang.AssertionError: expected [Featear...] but found [FEATURED COURSES]
at org.testng.Assert.fail(Assert.java:99)
at org.testng.Assert.failNotEquals(Assert.java:1037)
at org.testng.Assert.assertEqualsImpl(Assert.java:140)
at org.testng.Assert.assertEquals(Assert.java:122)
at org.testng.Assert.assertEquals(Assert.java:629)
at org.testng.Assert.assertEquals(Assert.java:639)
at Tutorial.ValidateTitle.testValidatetile(ValidateTitle.java:35)
at java.base/jdk.internal.reflect.NativeMethodAccessorImpl.invoke0(Native Method)
at java.base/jdk.internal.reflect.NativeMethodAccessorImpl.invoke(NativeMethodAccessorImpl.java:62)
at java.base/jdk.internal.reflect.DelegatingMethodAccessorImpl.invoke(DelegatingMethodAccessorImpl.java:43)
at java.base/java.lang.reflect.Method.invoke(Method.java:566)
at org.testng.internal.MethodInvocationHelper.invokeMethod(MethodInvocationHelper.java:133)
at org.testng.internal.TestInvoker.invokeMethod(TestInvoker.java:598)
at org.testng.internal.TestInvoker.invokeTestMethod(TestInvoker.java:173)
at org.testng.internal.MethodRunner.runInSequence(MethodRunner.java:46)
at org.testng.internal.TestInvoker$MethodInvocationAgent.invoke(TestInvoker.java:824)
at org.testng.internal.TestInvoker.invokeTestMethods(TestInvoker.java:146)
at org.testng.internal.TestMethodWorker.invokeTestMethods(TestMethodWorker.java:146)
at org.testng.internal.TestMethodWorker.run(TestMethodWorker.java:128)
at java.base/java.util.ArrayList.forEach(ArrayList.java:1541)
at org.testng.TestRunner.privateRun(TestRunner.java:794)
at org.testng.TestRunner.run(TestRunner.java:596)
at org.testng.SuiteRunner.runTest(SuiteRunner.java:377)
at org.testng.SuiteRunner.access$000(SuiteRunner.java:28)
at org.testng.SuiteRunner$SuiteWorker.run(SuiteRunner.java:418)
at org.testng.internal.thread.ThreadUtil.lambda$execute$0(ThreadUtil.java:64)
at java.base/java.util.concurrent.FutureTask.run(FutureTask.java:264)
at java.base/java.util.concurrent.ThreadPoolExecutor.runWorker(ThreadPoolExecutor.java:1128)
at java.base/java.util.concurrent.ThreadPoolExecutor$Worker.run(ThreadPoolExecutor.java:628)
at java.base/java.lang.Thread.run(Thread.java:834)
]]>
            </full-stacktrace>
          </exception> <!-- java.lang.AssertionError -->
          <reporter-output>
          </reporter-output>
        </test-method> <!-- testValidatetile -->
        <test-method is-config="true" signature="tearDown()[pri:0, instance:Tutorial.ValidateTitle@2a492f2a]" started-at="2021-09-01T01:28:28 ICT" name="tearDown" finished-at="2021-09-01T01:28:29 ICT" duration-ms="468" status="PASS">
          <reporter-output>
          </reporter-output>
        </test-method> <!-- tearDown -->
      </class> <!-- Tutorial.ValidateTitle -->
    </test> <!-- Validate Title -->
    <test started-at="2021-09-01T01:28:05 ICT" name="User login" finished-at="2021-09-01T01:28:34 ICT" duration-ms="28607">
      <class name="Tutorial.HomePage">
        <test-method is-config="true" signature="initializeDriver()[pri:0, instance:Tutorial.HomePage@5ebd56e9]" started-at="2021-09-01T01:28:05 ICT" name="initializeDriver" finished-at="2021-09-01T01:28:09 ICT" duration-ms="3851" status="PASS">
          <reporter-output>
          </reporter-output>
        </test-method> <!-- initializeDriver -->
        <test-method signature="basePageNavigation(java.lang.String,java.lang.String,java.lang.String)[pri:0, instance:Tutorial.HomePage@5ebd56e9]" started-at="2021-09-01T01:28:09 ICT" name="basePageNavigation" data-provider="getData" finished-at="2021-09-01T01:28:30 ICT" duration-ms="21212" status="PASS">
          <params>
            <param index="0">
              <value>
                <![CDATA[abc@gmail.com]]>
              </value>
            </param>
            <param index="1">
              <value>
                <![CDATA[12354]]>
              </value>
            </param>
            <param index="2">
              <value>
                <![CDATA[not right user]]>
              </value>
            </param>
          </params>
          <reporter-output>
          </reporter-output>
        </test-method> <!-- basePageNavigation -->
        <test-method signature="basePageNavigation(java.lang.String,java.lang.String,java.lang.String)[pri:0, instance:Tutorial.HomePage@5ebd56e9]" started-at="2021-09-01T01:28:30 ICT" name="basePageNavigation" data-provider="getData" finished-at="2021-09-01T01:28:33 ICT" duration-ms="3192" status="PASS">
          <params>
            <param index="0">
              <value>
                <![CDATA[jahsh@gmail.com]]>
              </value>
            </param>
            <param index="1">
              <value>
                <![CDATA[855]]>
              </value>
            </param>
            <param index="2">
              <value>
                <![CDATA[right user]]>
              </value>
            </param>
          </params>
          <reporter-output>
          </reporter-output>
        </test-method> <!-- basePageNavigation -->
        <test-method is-config="true" signature="tearDown()[pri:0, instance:Tutorial.HomePage@5ebd56e9]" started-at="2021-09-01T01:28:33 ICT" name="tearDown" finished-at="2021-09-01T01:28:34 ICT" duration-ms="182" status="PASS">
          <reporter-output>
          </reporter-output>
        </test-method> <!-- tearDown -->
      </class> <!-- Tutorial.HomePage -->
    </test> <!-- User login -->
  </suite> <!-- Suite -->
</testng-results>
